<?xml version="1.0" encoding="UTF-8"?>
<!-- Generated by org.testng.reporters.JUnitReportReporter -->
<testsuite skipped="0" hostname="RAGHAVENDRA" name="test.Link" tests="1" failures="0" timestamp="27 Nov 2019 08:56:20 GMT" time="3.046" errors="0">
  <testcase name="testLink" time="3.046" classname="test.Link"/>
</testsuite> <!-- test.Link -->
