<?xml version="1.0" encoding="UTF-8"?>
<!-- Generated by org.testng.reporters.JUnitReportReporter -->
<testsuite skipped="0" hostname="RAGHAVENDRA" name="chrome.options.demo.Demo" tests="1" failures="0" timestamp="24 Sep 2019 07:46:17 GMT" time="3.597" errors="0">
  <testcase name="test" time="3.597" classname="chrome.options.demo.Demo"/>
</testsuite> <!-- chrome.options.demo.Demo -->
