<?xml version="1.0" encoding="UTF-8"?>
<!-- Generated by org.testng.reporters.JUnitReportReporter -->
<testsuite skipped="0" hostname="RAGHAVENDRA" name="chrome.options.demo.Demo1" tests="1" failures="0" timestamp="24 Sep 2019 09:43:24 GMT" time="194.125" errors="0">
  <testcase name="headless" time="194.125" classname="chrome.options.demo.Demo1"/>
</testsuite> <!-- chrome.options.demo.Demo1 -->
