<?xml version="1.0" encoding="UTF-8"?>
<!-- Generated by org.testng.reporters.JUnitReportReporter -->
<testsuite skipped="0" hostname="RAGHAVENDRA" name="test.BrokenLinks" tests="1" failures="0" timestamp="28 Nov 2019 14:23:09 GMT" time="48.340" errors="0">
  <testcase name="brokenLinks" time="48.340" classname="test.BrokenLinks"/>
</testsuite> <!-- test.BrokenLinks -->
