<?xml version="1.0" encoding="UTF-8"?>
<!-- Generated by org.testng.reporters.JUnitReportReporter -->
<testsuite skipped="0" hostname="RAGHAVENDRA" name="com.headless.Demo" tests="1" failures="0" timestamp="04 Dec 2019 14:14:38 GMT" time="10.075" errors="0">
  <testcase name="headless" time="10.075" classname="com.headless.Demo"/>
</testsuite> <!-- com.headless.Demo -->
