<?xml version="1.0" encoding="UTF-8"?>
<!-- Generated by org.testng.reporters.JUnitReportReporter -->
<testsuite skipped="0" hostname="RAGHAVENDRA" name="com.headless.Demo1" tests="1" failures="0" timestamp="04 Dec 2019 14:12:20 GMT" time="8.215" errors="0">
  <testcase name="test1" time="8.215" classname="com.headless.Demo1"/>
</testsuite> <!-- com.headless.Demo1 -->
