<?xml version="1.0" encoding="UTF-8"?>
<!-- Generated by org.testng.reporters.JUnitReportReporter -->
<testsuite skipped="0" hostname="RAGHAVENDRA" name="com.headless.Demo2" tests="1" failures="0" timestamp="04 Dec 2019 14:14:18 GMT" time="11.717" errors="0">
  <testcase name="test" time="11.717" classname="com.headless.Demo2"/>
</testsuite> <!-- com.headless.Demo2 -->
