<?xml version="1.0" encoding="UTF-8"?>
<!-- Generated by org.testng.reporters.JUnitReportReporter -->
<testsuite skipped="0" hostname="RAGHAVENDRA" name="db.Demo" tests="1" failures="0" timestamp="02 Dec 2019 13:00:53 GMT" time="6.446" errors="0">
  <testcase name="dbTest" time="6.446" classname="db.Demo"/>
</testsuite> <!-- db.Demo -->
